-------------------------------------------------------------------------------
Test set: TestSuite
-------------------------------------------------------------------------------
Tests run: 24, Failures: 1, Errors: 0, Skipped: 0, Time elapsed: 158.917 s <<< FAILURE! - in TestSuite
dragAndDropTest(org.example.DragAndDropTest)  Time elapsed: 12.656 s  <<< FAILURE!
java.lang.AssertionError: expected [B] but found [A]
	at org.example.DragAndDropTest.dragAndDropTest(DragAndDropTest.java:22)

